<?xml version="1.0" encoding="UTF-8"?>
<!-- Generated by org.testng.reporters.JUnitXMLReporter -->
<testsuite ignored="0" hostname="Aakashs-MacBook-Air.local" failures="0" tests="5" name="Surefire test" time="37.944" errors="0" timestamp="2025-01-25T17:49:29 IST">
  <testcase classname="tests.ErailTest" name="testErailStationSelection" time="7.642"/>
  <testcase classname="tests.ErailTest" name="testSelectTheDateFromCalendar" time="2.006"/>
  <testcase classname="tests.ErailTest" name="testcompareTwoExcels" time="0.679"/>
  <testcase classname="tests.OrangeHRMPageTest" name="testLogin" time="9.57"/>
  <testcase classname="tests.OrangeHRMPageTest" name="testLogin" time="13.573"/>
</testsuite> <!-- Surefire test -->
