<?xml version="1.0" encoding="UTF-8"?>
<testsuite xmlns:xsi="http://www.w3.org/2001/XMLSchema-instance" xsi:noNamespaceSchemaLocation="https://maven.apache.org/surefire/maven-surefire-plugin/xsd/surefire-test-report-3.0.xsd" version="3.0" name="TestSuite" time="38.173" tests="5" errors="0" skipped="0" failures="0">
  <properties>
[...]
</properties>
  <testcase name="testErailStationSelection" classname="tests.ErailTest" time="7.647">
    <system-out><![CDATA[Station code at 4th position is : Delhi Azadpur
DAZ
Test case passed
]]></system-out>
  </testcase>
  <testcase name="testSelectTheDateFromCalendar" classname="tests.ErailTest" time="2.001"/>
  <testcase name="testcompareTwoExcels" classname="tests.ErailTest" time="0.682">
    <system-out><![CDATA[Data written successfully to: /Users/aakash/eclipse-workspace/rapi/DropDownStationCodes.xlsx
Match found
Match found
Match found
Match found
Match found
Match found
Match not found
]]></system-out>
  </testcase>
  <testcase name="testLogin[Admin, admin123, true](1)" classname="tests.OrangeHRMPageTest" time="9.57"/>
  <testcase name="testLogin[InvalidUser, invalidPass, false](2)" classname="tests.OrangeHRMPageTest" time="13.575">
    <system-out><![CDATA[Login failed: Invalid username or password.
]]></system-out>
  </testcase>
</testsuite>